c:\users\huski\desktop\urho3d\assignment\vs15\debug\assignment_d.lib
c:\users\huski\desktop\urho3d\assignment\vs15\debug\assignment_d.exp
c:\users\huski\desktop\urho3d\assignment\vs15\assignment.dir\debug\character.obj
c:\users\huski\desktop\urho3d\assignment\vs15\assignment.dir\debug\characterdemo.obj
c:\users\huski\desktop\urho3d\assignment\vs15\assignment.dir\debug\touch.obj
c:\users\huski\desktop\urho3d\assignment\vs15\assignment.dir\debug\vc141.pdb
c:\users\huski\desktop\urho3d\assignment\vs15\cmakefiles\generate.stamp
c:\users\huski\desktop\urho3d\assignment\vs15\bin\assignment_d.exe
c:\users\huski\desktop\urho3d\assignment\vs15\bin\assignment_d.ilk
c:\users\huski\desktop\urho3d\assignment\vs15\bin\assignment_d.pdb
c:\users\huski\desktop\urho3d\assignment\vs15\assignment.dir\debug\assignment.tlog\assignment.write.1u.tlog
c:\users\huski\desktop\urho3d\assignment\vs15\assignment.dir\debug\assignment.tlog\cl.command.1.tlog
c:\users\huski\desktop\urho3d\assignment\vs15\assignment.dir\debug\assignment.tlog\cl.read.1.tlog
c:\users\huski\desktop\urho3d\assignment\vs15\assignment.dir\debug\assignment.tlog\cl.write.1.tlog
c:\users\huski\desktop\urho3d\assignment\vs15\assignment.dir\debug\assignment.tlog\custombuild.command.1.tlog
c:\users\huski\desktop\urho3d\assignment\vs15\assignment.dir\debug\assignment.tlog\custombuild.read.1.tlog
c:\users\huski\desktop\urho3d\assignment\vs15\assignment.dir\debug\assignment.tlog\custombuild.write.1.tlog
c:\users\huski\desktop\urho3d\assignment\vs15\assignment.dir\debug\assignment.tlog\link.command.1.tlog
c:\users\huski\desktop\urho3d\assignment\vs15\assignment.dir\debug\assignment.tlog\link.read.1.tlog
c:\users\huski\desktop\urho3d\assignment\vs15\assignment.dir\debug\assignment.tlog\link.write.1.tlog
